2025-07-29 09:51:04 [ERROR]: Error: listen EADDRNOTAVAIL: address not available 192.168.1.104:3001
    at Server.setupListenHandle [as _listen2] (node:net:1886:21)
    at listenInCluster (node:net:1965:12)
    at doListen (node:net:2139:7)
    at processTicksAndRejections (node:internal/process/task_queues:83:21)
2025-07-29 11:15:47 [ERROR]: Error: Route.get() requires a callback function but got a [object Undefined]
    at Route.<computed> [as get] (/home/herimorn/EwuraReal/project/project/node_modules/express/lib/router/route.js:216:15)
    at Function.proto.<computed> [as get] (/home/herimorn/EwuraReal/project/project/node_modules/express/lib/router/index.js:521:19)
    at file:///home/herimorn/EwuraReal/project/project/src/routes/userRoutes.js:430:8
    at ModuleJob.run (node:internal/modules/esm/module_job:263:25)
    at ModuleLoader.import (node:internal/modules/esm/loader:540:24)
    at asyncRunEntryPointWithESMLoader (node:internal/modules/run_main:117:5)
2025-07-29 12:26:22 [ERROR]: Error: Route.get() requires a callback function but got a [object Undefined]
    at Route.<computed> [as get] (/home/herimorn/EwuraReal/project/project/node_modules/express/lib/router/route.js:216:15)
    at Function.proto.<computed> [as get] (/home/herimorn/EwuraReal/project/project/node_modules/express/lib/router/index.js:521:19)
    at file:///home/herimorn/EwuraReal/project/project/src/routes/locationRoutes.js:50:8
    at ModuleJob.run (node:internal/modules/esm/module_job:263:25)
    at ModuleLoader.import (node:internal/modules/esm/loader:540:24)
    at asyncRunEntryPointWithESMLoader (node:internal/modules/run_main:117:5)
2025-07-29 12:26:51 [ERROR]: Error: Route.get() requires a callback function but got a [object Undefined]
    at Route.<computed> [as get] (/home/herimorn/EwuraReal/project/project/node_modules/express/lib/router/route.js:216:15)
    at Function.proto.<computed> [as get] (/home/herimorn/EwuraReal/project/project/node_modules/express/lib/router/index.js:521:19)
    at file:///home/herimorn/EwuraReal/project/project/src/routes/locationRoutes.js:50:8
    at ModuleJob.run (node:internal/modules/esm/module_job:263:25)
    at ModuleLoader.import (node:internal/modules/esm/loader:540:24)
    at asyncRunEntryPointWithESMLoader (node:internal/modules/run_main:117:5)
2025-07-29 12:37:11 [ERROR]: ReferenceError: validateCreateStreet is not defined
    at file:///home/herimorn/EwuraReal/project/project/src/routes/locationRoutes.js:51:72
    at ModuleJob.run (node:internal/modules/esm/module_job:263:25)
    at ModuleLoader.import (node:internal/modules/esm/loader:540:24)
    at asyncRunEntryPointWithESMLoader (node:internal/modules/run_main:117:5)
2025-07-29 12:37:14 [ERROR]: ReferenceError: validateCreateStreet is not defined
    at file:///home/herimorn/EwuraReal/project/project/src/routes/locationRoutes.js:51:72
    at ModuleJob.run (node:internal/modules/esm/module_job:263:25)
    at ModuleLoader.import (node:internal/modules/esm/loader:540:24)
    at asyncRunEntryPointWithESMLoader (node:internal/modules/run_main:117:5)
2025-07-29 12:37:26 [ERROR]: ReferenceError: validateCreateStreet is not defined
    at file:///home/herimorn/EwuraReal/project/project/src/routes/locationRoutes.js:51:72
    at ModuleJob.run (node:internal/modules/esm/module_job:263:25)
    at ModuleLoader.import (node:internal/modules/esm/loader:540:24)
    at asyncRunEntryPointWithESMLoader (node:internal/modules/run_main:117:5)
2025-07-29 12:39:05 [ERROR]: ReferenceError: validateCreateStreet is not defined
    at file:///home/herimorn/EwuraReal/project/project/src/routes/locationRoutes.js:51:72
    at ModuleJob.run (node:internal/modules/esm/module_job:263:25)
    at ModuleLoader.import (node:internal/modules/esm/loader:540:24)
    at asyncRunEntryPointWithESMLoader (node:internal/modules/run_main:117:5)
2025-07-29 12:40:24 [ERROR]: ReferenceError: validateCreateStreet is not defined
    at file:///home/herimorn/EwuraReal/project/project/src/routes/locationRoutes.js:51:72
    at ModuleJob.run (node:internal/modules/esm/module_job:263:25)
    at ModuleLoader.import (node:internal/modules/esm/loader:540:24)
    at asyncRunEntryPointWithESMLoader (node:internal/modules/run_main:117:5)
2025-07-29 12:41:24 [ERROR]: ReferenceError: validateCreateStreet is not defined
    at file:///home/herimorn/EwuraReal/project/project/src/routes/locationRoutes.js:51:72
    at ModuleJob.run (node:internal/modules/esm/module_job:263:25)
    at ModuleLoader.import (node:internal/modules/esm/loader:540:24)
    at asyncRunEntryPointWithESMLoader (node:internal/modules/run_main:117:5)
2025-07-29 12:41:26 [ERROR]: ReferenceError: validateCreateStreet is not defined
    at file:///home/herimorn/EwuraReal/project/project/src/routes/locationRoutes.js:51:72
    at ModuleJob.run (node:internal/modules/esm/module_job:263:25)
    at ModuleLoader.import (node:internal/modules/esm/loader:540:24)
    at asyncRunEntryPointWithESMLoader (node:internal/modules/run_main:117:5)
2025-07-29 12:41:40 [ERROR]: ReferenceError: validateCreateStreet is not defined
    at file:///home/herimorn/EwuraReal/project/project/src/routes/locationRoutes.js:51:72
    at ModuleJob.run (node:internal/modules/esm/module_job:263:25)
    at ModuleLoader.import (node:internal/modules/esm/loader:540:24)
    at asyncRunEntryPointWithESMLoader (node:internal/modules/run_main:117:5)
2025-07-29 13:01:45 [ERROR]: ReferenceError: validateCreateStreet is not defined
    at file:///home/herimorn/EwuraReal/project/project/src/routes/locationRoutes.js:51:72
    at ModuleJob.run (node:internal/modules/esm/module_job:263:25)
    at ModuleLoader.import (node:internal/modules/esm/loader:540:24)
    at asyncRunEntryPointWithESMLoader (node:internal/modules/run_main:117:5)
2025-07-29 13:05:17 [ERROR]: ReferenceError: validateCreateStreet is not defined
    at file:///home/herimorn/EwuraReal/project/project/src/routes/locationRoutes.js:51:72
    at ModuleJob.run (node:internal/modules/esm/module_job:263:25)
    at ModuleLoader.import (node:internal/modules/esm/loader:540:24)
    at asyncRunEntryPointWithESMLoader (node:internal/modules/run_main:117:5)
2025-07-29 13:07:05 [ERROR]: ReferenceError: validateCreateStreet is not defined
    at file:///home/herimorn/EwuraReal/project/project/src/routes/locationRoutes.js:51:72
    at ModuleJob.run (node:internal/modules/esm/module_job:263:25)
    at ModuleLoader.import (node:internal/modules/esm/loader:540:24)
    at asyncRunEntryPointWithESMLoader (node:internal/modules/run_main:117:5)
2025-07-29 13:07:05 [ERROR]: ReferenceError: validateCreateStreet is not defined
    at file:///home/herimorn/EwuraReal/project/project/src/routes/locationRoutes.js:51:72
    at ModuleJob.run (node:internal/modules/esm/module_job:263:25)
    at ModuleLoader.import (node:internal/modules/esm/loader:540:24)
    at asyncRunEntryPointWithESMLoader (node:internal/modules/run_main:117:5)
2025-07-29 13:07:10 [ERROR]: ReferenceError: validateCreateStreet is not defined
    at file:///home/herimorn/EwuraReal/project/project/src/routes/locationRoutes.js:51:72
    at ModuleJob.run (node:internal/modules/esm/module_job:263:25)
    at ModuleLoader.import (node:internal/modules/esm/loader:540:24)
    at asyncRunEntryPointWithESMLoader (node:internal/modules/run_main:117:5)
2025-07-29 13:07:18 [ERROR]: ReferenceError: validateCreateStreet is not defined
    at file:///home/herimorn/EwuraReal/project/project/src/routes/locationRoutes.js:51:72
    at ModuleJob.run (node:internal/modules/esm/module_job:263:25)
    at ModuleLoader.import (node:internal/modules/esm/loader:540:24)
    at asyncRunEntryPointWithESMLoader (node:internal/modules/run_main:117:5)
2025-07-29 13:07:25 [ERROR]: ReferenceError: validateCreateStreet is not defined
    at file:///home/herimorn/EwuraReal/project/project/src/routes/locationRoutes.js:51:72
    at ModuleJob.run (node:internal/modules/esm/module_job:263:25)
    at ModuleLoader.import (node:internal/modules/esm/loader:540:24)
    at asyncRunEntryPointWithESMLoader (node:internal/modules/run_main:117:5)
2025-07-29 13:08:13 [ERROR]: ReferenceError: validateCreateStreet is not defined
    at file:///home/herimorn/EwuraReal/project/project/src/routes/locationRoutes.js:51:72
    at ModuleJob.run (node:internal/modules/esm/module_job:263:25)
    at ModuleLoader.import (node:internal/modules/esm/loader:540:24)
    at asyncRunEntryPointWithESMLoader (node:internal/modules/run_main:117:5)
2025-07-29 13:08:13 [ERROR]: ReferenceError: validateCreateStreet is not defined
    at file:///home/herimorn/EwuraReal/project/project/src/routes/locationRoutes.js:51:72
    at ModuleJob.run (node:internal/modules/esm/module_job:263:25)
    at ModuleLoader.import (node:internal/modules/esm/loader:540:24)
    at asyncRunEntryPointWithESMLoader (node:internal/modules/run_main:117:5)
2025-07-29 13:11:01 [ERROR]: ReferenceError: validateCreateStreet is not defined
    at file:///home/herimorn/EwuraReal/project/project/src/routes/locationRoutes.js:51:72
    at ModuleJob.run (node:internal/modules/esm/module_job:263:25)
    at ModuleLoader.import (node:internal/modules/esm/loader:540:24)
    at asyncRunEntryPointWithESMLoader (node:internal/modules/run_main:117:5)
2025-07-29 13:11:01 [ERROR]: ReferenceError: validateCreateStreet is not defined
    at file:///home/herimorn/EwuraReal/project/project/src/routes/locationRoutes.js:51:72
    at ModuleJob.run (node:internal/modules/esm/module_job:263:25)
    at ModuleLoader.import (node:internal/modules/esm/loader:540:24)
    at asyncRunEntryPointWithESMLoader (node:internal/modules/run_main:117:5)
2025-07-29 13:11:06 [ERROR]: ReferenceError: validateCreateStreet is not defined
    at file:///home/herimorn/EwuraReal/project/project/src/routes/locationRoutes.js:51:72
    at ModuleJob.run (node:internal/modules/esm/module_job:263:25)
    at ModuleLoader.import (node:internal/modules/esm/loader:540:24)
    at asyncRunEntryPointWithESMLoader (node:internal/modules/run_main:117:5)
2025-07-29 13:11:12 [ERROR]: ReferenceError: validateCreateStreet is not defined
    at file:///home/herimorn/EwuraReal/project/project/src/routes/locationRoutes.js:51:72
    at ModuleJob.run (node:internal/modules/esm/module_job:263:25)
    at ModuleLoader.import (node:internal/modules/esm/loader:540:24)
    at asyncRunEntryPointWithESMLoader (node:internal/modules/run_main:117:5)
2025-07-29 13:11:12 [ERROR]: ReferenceError: validateCreateStreet is not defined
    at file:///home/herimorn/EwuraReal/project/project/src/routes/locationRoutes.js:51:72
    at ModuleJob.run (node:internal/modules/esm/module_job:263:25)
    at ModuleLoader.import (node:internal/modules/esm/loader:540:24)
    at asyncRunEntryPointWithESMLoader (node:internal/modules/run_main:117:5)
2025-07-29 13:11:45 [ERROR]: ReferenceError: validateCreateStreet is not defined
    at file:///home/herimorn/EwuraReal/project/project/src/routes/locationRoutes.js:51:72
    at ModuleJob.run (node:internal/modules/esm/module_job:263:25)
    at ModuleLoader.import (node:internal/modules/esm/loader:540:24)
    at asyncRunEntryPointWithESMLoader (node:internal/modules/run_main:117:5)
2025-07-29 13:11:56 [ERROR]: ReferenceError: validateCreateStreet is not defined
    at file:///home/herimorn/EwuraReal/project/project/src/routes/locationRoutes.js:51:72
    at ModuleJob.run (node:internal/modules/esm/module_job:263:25)
    at ModuleLoader.import (node:internal/modules/esm/loader:540:24)
    at asyncRunEntryPointWithESMLoader (node:internal/modules/run_main:117:5)
2025-07-29 13:14:17 [ERROR]: ReferenceError: validateCreateStreet is not defined
    at file:///home/herimorn/EwuraReal/project/project/src/routes/locationRoutes.js:51:72
    at ModuleJob.run (node:internal/modules/esm/module_job:263:25)
    at ModuleLoader.import (node:internal/modules/esm/loader:540:24)
    at asyncRunEntryPointWithESMLoader (node:internal/modules/run_main:117:5)
2025-07-29 13:14:30 [ERROR]: ReferenceError: validateCreateStreet is not defined
    at file:///home/herimorn/EwuraReal/project/project/src/routes/locationRoutes.js:51:72
    at ModuleJob.run (node:internal/modules/esm/module_job:263:25)
    at ModuleLoader.import (node:internal/modules/esm/loader:540:24)
    at asyncRunEntryPointWithESMLoader (node:internal/modules/run_main:117:5)
2025-07-29 13:14:37 [ERROR]: ReferenceError: validateCreateStreet is not defined
    at file:///home/herimorn/EwuraReal/project/project/src/routes/locationRoutes.js:51:72
    at ModuleJob.run (node:internal/modules/esm/module_job:263:25)
    at ModuleLoader.import (node:internal/modules/esm/loader:540:24)
    at asyncRunEntryPointWithESMLoader (node:internal/modules/run_main:117:5)
2025-07-29 13:17:51 [ERROR]: ReferenceError: validateCreateStreet is not defined
    at file:///home/herimorn/EwuraReal/project/project/src/routes/locationRoutes.js:51:72
    at ModuleJob.run (node:internal/modules/esm/module_job:263:25)
    at ModuleLoader.import (node:internal/modules/esm/loader:540:24)
    at asyncRunEntryPointWithESMLoader (node:internal/modules/run_main:117:5)
2025-07-29 13:18:02 [ERROR]: ReferenceError: validateCreateStreet is not defined
    at file:///home/herimorn/EwuraReal/project/project/src/routes/locationRoutes.js:51:72
    at ModuleJob.run (node:internal/modules/esm/module_job:263:25)
    at ModuleLoader.import (node:internal/modules/esm/loader:540:24)
    at asyncRunEntryPointWithESMLoader (node:internal/modules/run_main:117:5)
2025-07-29 13:18:10 [ERROR]: ReferenceError: validateCreateStreet is not defined
    at file:///home/herimorn/EwuraReal/project/project/src/routes/locationRoutes.js:51:72
    at ModuleJob.run (node:internal/modules/esm/module_job:263:25)
    at ModuleLoader.import (node:internal/modules/esm/loader:540:24)
    at asyncRunEntryPointWithESMLoader (node:internal/modules/run_main:117:5)
2025-07-29 13:18:56 [ERROR]: ReferenceError: validateCreateStreet is not defined
    at file:///home/herimorn/EwuraReal/project/project/src/routes/locationRoutes.js:51:72
    at ModuleJob.run (node:internal/modules/esm/module_job:263:25)
    at ModuleLoader.import (node:internal/modules/esm/loader:540:24)
    at asyncRunEntryPointWithESMLoader (node:internal/modules/run_main:117:5)
2025-07-29 13:18:56 [ERROR]: ReferenceError: validateCreateStreet is not defined
    at file:///home/herimorn/EwuraReal/project/project/src/routes/locationRoutes.js:51:72
    at ModuleJob.run (node:internal/modules/esm/module_job:263:25)
    at ModuleLoader.import (node:internal/modules/esm/loader:540:24)
    at asyncRunEntryPointWithESMLoader (node:internal/modules/run_main:117:5)
2025-07-29 13:19:58 [ERROR]: ReferenceError: validateCreateStreet is not defined
    at file:///home/herimorn/EwuraReal/project/project/src/routes/locationRoutes.js:51:72
    at ModuleJob.run (node:internal/modules/esm/module_job:263:25)
    at ModuleLoader.import (node:internal/modules/esm/loader:540:24)
    at asyncRunEntryPointWithESMLoader (node:internal/modules/run_main:117:5)
2025-07-29 13:19:58 [ERROR]: ReferenceError: validateCreateStreet is not defined
    at file:///home/herimorn/EwuraReal/project/project/src/routes/locationRoutes.js:51:72
    at ModuleJob.run (node:internal/modules/esm/module_job:263:25)
    at ModuleLoader.import (node:internal/modules/esm/loader:540:24)
    at asyncRunEntryPointWithESMLoader (node:internal/modules/run_main:117:5)
2025-07-29 13:21:58 [ERROR]: ReferenceError: validateCreateStreet is not defined
    at file:///home/herimorn/EwuraReal/project/project/src/routes/locationRoutes.js:51:72
    at ModuleJob.run (node:internal/modules/esm/module_job:263:25)
    at ModuleLoader.import (node:internal/modules/esm/loader:540:24)
    at asyncRunEntryPointWithESMLoader (node:internal/modules/run_main:117:5)
2025-07-29 13:21:58 [ERROR]: ReferenceError: validateCreateStreet is not defined
    at file:///home/herimorn/EwuraReal/project/project/src/routes/locationRoutes.js:51:72
    at ModuleJob.run (node:internal/modules/esm/module_job:263:25)
    at ModuleLoader.import (node:internal/modules/esm/loader:540:24)
    at asyncRunEntryPointWithESMLoader (node:internal/modules/run_main:117:5)
2025-07-29 13:22:04 [ERROR]: ReferenceError: validateCreateStreet is not defined
    at file:///home/herimorn/EwuraReal/project/project/src/routes/locationRoutes.js:51:72
    at ModuleJob.run (node:internal/modules/esm/module_job:263:25)
    at ModuleLoader.import (node:internal/modules/esm/loader:540:24)
    at asyncRunEntryPointWithESMLoader (node:internal/modules/run_main:117:5)
2025-07-29 13:22:17 [ERROR]: ReferenceError: validateCreateStreet is not defined
    at file:///home/herimorn/EwuraReal/project/project/src/routes/locationRoutes.js:51:72
    at ModuleJob.run (node:internal/modules/esm/module_job:263:25)
    at ModuleLoader.import (node:internal/modules/esm/loader:540:24)
    at asyncRunEntryPointWithESMLoader (node:internal/modules/run_main:117:5)
2025-07-29 13:22:17 [ERROR]: ReferenceError: validateCreateStreet is not defined
    at file:///home/herimorn/EwuraReal/project/project/src/routes/locationRoutes.js:51:72
    at ModuleJob.run (node:internal/modules/esm/module_job:263:25)
    at ModuleLoader.import (node:internal/modules/esm/loader:540:24)
    at asyncRunEntryPointWithESMLoader (node:internal/modules/run_main:117:5)
2025-07-29 13:23:17 [ERROR]: ReferenceError: validateCreateStreet is not defined
    at file:///home/herimorn/EwuraReal/project/project/src/routes/locationRoutes.js:51:72
    at ModuleJob.run (node:internal/modules/esm/module_job:263:25)
    at ModuleLoader.import (node:internal/modules/esm/loader:540:24)
    at asyncRunEntryPointWithESMLoader (node:internal/modules/run_main:117:5)
2025-07-29 13:23:17 [ERROR]: ReferenceError: validateCreateStreet is not defined
    at file:///home/herimorn/EwuraReal/project/project/src/routes/locationRoutes.js:51:72
    at ModuleJob.run (node:internal/modules/esm/module_job:263:25)
    at ModuleLoader.import (node:internal/modules/esm/loader:540:24)
    at asyncRunEntryPointWithESMLoader (node:internal/modules/run_main:117:5)
2025-07-29 13:23:23 [ERROR]: ReferenceError: validateCreateStreet is not defined
    at file:///home/herimorn/EwuraReal/project/project/src/routes/locationRoutes.js:51:72
    at ModuleJob.run (node:internal/modules/esm/module_job:263:25)
    at ModuleLoader.import (node:internal/modules/esm/loader:540:24)
    at asyncRunEntryPointWithESMLoader (node:internal/modules/run_main:117:5)
2025-07-29 13:23:43 [ERROR]: ReferenceError: validateCreateStreet is not defined
    at file:///home/herimorn/EwuraReal/project/project/src/routes/locationRoutes.js:51:72
    at ModuleJob.run (node:internal/modules/esm/module_job:263:25)
    at ModuleLoader.import (node:internal/modules/esm/loader:540:24)
    at asyncRunEntryPointWithESMLoader (node:internal/modules/run_main:117:5)
2025-07-29 13:23:47 [ERROR]: ReferenceError: validateCreateStreet is not defined
    at file:///home/herimorn/EwuraReal/project/project/src/routes/locationRoutes.js:51:72
    at ModuleJob.run (node:internal/modules/esm/module_job:263:25)
    at ModuleLoader.import (node:internal/modules/esm/loader:540:24)
    at asyncRunEntryPointWithESMLoader (node:internal/modules/run_main:117:5)
2025-07-29 13:34:02 [ERROR]: ReferenceError: validateCreateStreet is not defined
    at file:///home/herimorn/EwuraReal/project/project/src/routes/locationRoutes.js:51:72
    at ModuleJob.run (node:internal/modules/esm/module_job:263:25)
    at ModuleLoader.import (node:internal/modules/esm/loader:540:24)
    at asyncRunEntryPointWithESMLoader (node:internal/modules/run_main:117:5)
2025-07-29 13:34:45 [ERROR]: ReferenceError: validateCreateStreet is not defined
    at file:///home/herimorn/EwuraReal/project/project/src/routes/locationRoutes.js:51:72
    at ModuleJob.run (node:internal/modules/esm/module_job:263:25)
    at ModuleLoader.import (node:internal/modules/esm/loader:540:24)
    at asyncRunEntryPointWithESMLoader (node:internal/modules/run_main:117:5)
2025-07-29 13:40:05 [ERROR]: ReferenceError: validateCreateStreet is not defined
    at file:///home/herimorn/EwuraReal/project/project/src/routes/locationRoutes.js:51:72
    at ModuleJob.run (node:internal/modules/esm/module_job:263:25)
    at ModuleLoader.import (node:internal/modules/esm/loader:540:24)
    at asyncRunEntryPointWithESMLoader (node:internal/modules/run_main:117:5)
2025-07-29 13:40:12 [ERROR]: ReferenceError: validateCreateStreet is not defined
    at file:///home/herimorn/EwuraReal/project/project/src/routes/locationRoutes.js:51:72
    at ModuleJob.run (node:internal/modules/esm/module_job:263:25)
    at ModuleLoader.import (node:internal/modules/esm/loader:540:24)
    at asyncRunEntryPointWithESMLoader (node:internal/modules/run_main:117:5)
2025-07-29 13:40:51 [ERROR]: ReferenceError: validateCreateStreet is not defined
    at file:///home/herimorn/EwuraReal/project/project/src/routes/locationRoutes.js:51:72
    at ModuleJob.run (node:internal/modules/esm/module_job:263:25)
    at ModuleLoader.import (node:internal/modules/esm/loader:540:24)
    at asyncRunEntryPointWithESMLoader (node:internal/modules/run_main:117:5)
2025-07-29 13:41:21 [ERROR]: ReferenceError: validateCreateStreet is not defined
    at file:///home/herimorn/EwuraReal/project/project/src/routes/locationRoutes.js:51:72
    at ModuleJob.run (node:internal/modules/esm/module_job:263:25)
    at ModuleLoader.import (node:internal/modules/esm/loader:540:24)
    at asyncRunEntryPointWithESMLoader (node:internal/modules/run_main:117:5)
2025-07-29 13:43:54 [ERROR]: ReferenceError: validateCreateStreet is not defined
    at file:///home/herimorn/EwuraReal/project/project/src/routes/locationRoutes.js:51:72
    at ModuleJob.run (node:internal/modules/esm/module_job:263:25)
    at ModuleLoader.import (node:internal/modules/esm/loader:540:24)
    at asyncRunEntryPointWithESMLoader (node:internal/modules/run_main:117:5)
2025-07-29 13:45:15 [ERROR]: ReferenceError: validateCreateStreet is not defined
    at file:///home/herimorn/EwuraReal/project/project/src/routes/locationRoutes.js:51:72
    at ModuleJob.run (node:internal/modules/esm/module_job:263:25)
    at ModuleLoader.import (node:internal/modules/esm/loader:540:24)
    at asyncRunEntryPointWithESMLoader (node:internal/modules/run_main:117:5)
2025-07-29 13:46:24 [ERROR]: ReferenceError: validateCreateStreet is not defined
    at file:///home/herimorn/EwuraReal/project/project/src/routes/locationRoutes.js:51:72
    at ModuleJob.run (node:internal/modules/esm/module_job:263:25)
    at ModuleLoader.import (node:internal/modules/esm/loader:540:24)
    at asyncRunEntryPointWithESMLoader (node:internal/modules/run_main:117:5)
2025-07-29 13:47:32 [ERROR]: ReferenceError: validateCreateStreet is not defined
    at file:///home/herimorn/EwuraReal/project/project/src/routes/locationRoutes.js:51:72
    at ModuleJob.run (node:internal/modules/esm/module_job:263:25)
    at ModuleLoader.import (node:internal/modules/esm/loader:540:24)
    at asyncRunEntryPointWithESMLoader (node:internal/modules/run_main:117:5)
2025-07-29 13:51:01 [ERROR]: ReferenceError: validateCreateStreet is not defined
    at file:///home/herimorn/EwuraReal/project/project/src/routes/locationRoutes.js:51:72
    at ModuleJob.run (node:internal/modules/esm/module_job:263:25)
    at ModuleLoader.import (node:internal/modules/esm/loader:540:24)
    at asyncRunEntryPointWithESMLoader (node:internal/modules/run_main:117:5)
2025-07-29 13:52:08 [ERROR]: ReferenceError: validateCreateStreet is not defined
    at file:///home/herimorn/EwuraReal/project/project/src/routes/locationRoutes.js:51:72
    at ModuleJob.run (node:internal/modules/esm/module_job:263:25)
    at ModuleLoader.import (node:internal/modules/esm/loader:540:24)
    at asyncRunEntryPointWithESMLoader (node:internal/modules/run_main:117:5)
2025-07-29 13:55:19 [ERROR]: ReferenceError: validateCreateStreet is not defined
    at file:///home/herimorn/EwuraReal/project/project/src/routes/locationRoutes.js:51:72
    at ModuleJob.run (node:internal/modules/esm/module_job:263:25)
    at ModuleLoader.import (node:internal/modules/esm/loader:540:24)
    at asyncRunEntryPointWithESMLoader (node:internal/modules/run_main:117:5)
2025-07-29 13:55:32 [ERROR]: ReferenceError: validateCreateStreet is not defined
    at file:///home/herimorn/EwuraReal/project/project/src/routes/locationRoutes.js:51:72
    at ModuleJob.run (node:internal/modules/esm/module_job:263:25)
    at ModuleLoader.import (node:internal/modules/esm/loader:540:24)
    at asyncRunEntryPointWithESMLoader (node:internal/modules/run_main:117:5)
2025-07-29 13:55:39 [ERROR]: ReferenceError: validateCreateStreet is not defined
    at file:///home/herimorn/EwuraReal/project/project/src/routes/locationRoutes.js:51:72
    at ModuleJob.run (node:internal/modules/esm/module_job:263:25)
    at ModuleLoader.import (node:internal/modules/esm/loader:540:24)
    at asyncRunEntryPointWithESMLoader (node:internal/modules/run_main:117:5)
2025-07-29 13:56:34 [ERROR]: ReferenceError: validateCreateStreet is not defined
    at file:///home/herimorn/EwuraReal/project/project/src/routes/locationRoutes.js:51:72
    at ModuleJob.run (node:internal/modules/esm/module_job:263:25)
    at ModuleLoader.import (node:internal/modules/esm/loader:540:24)
    at asyncRunEntryPointWithESMLoader (node:internal/modules/run_main:117:5)
2025-07-29 13:56:36 [ERROR]: ReferenceError: validateCreateStreet is not defined
    at file:///home/herimorn/EwuraReal/project/project/src/routes/locationRoutes.js:51:72
    at ModuleJob.run (node:internal/modules/esm/module_job:263:25)
    at ModuleLoader.import (node:internal/modules/esm/loader:540:24)
    at asyncRunEntryPointWithESMLoader (node:internal/modules/run_main:117:5)
2025-07-29 13:56:47 [ERROR]: ReferenceError: validateCreateStreet is not defined
    at file:///home/herimorn/EwuraReal/project/project/src/routes/locationRoutes.js:51:72
    at ModuleJob.run (node:internal/modules/esm/module_job:263:25)
    at ModuleLoader.import (node:internal/modules/esm/loader:540:24)
    at asyncRunEntryPointWithESMLoader (node:internal/modules/run_main:117:5)
2025-07-29 13:57:04 [ERROR]: ReferenceError: validateCreateStreet is not defined
    at file:///home/herimorn/EwuraReal/project/project/src/routes/locationRoutes.js:51:72
    at ModuleJob.run (node:internal/modules/esm/module_job:263:25)
    at ModuleLoader.import (node:internal/modules/esm/loader:540:24)
    at asyncRunEntryPointWithESMLoader (node:internal/modules/run_main:117:5)
2025-07-29 13:57:10 [ERROR]: ReferenceError: validateCreateStreet is not defined
    at file:///home/herimorn/EwuraReal/project/project/src/routes/locationRoutes.js:51:72
    at ModuleJob.run (node:internal/modules/esm/module_job:263:25)
    at ModuleLoader.import (node:internal/modules/esm/loader:540:24)
    at asyncRunEntryPointWithESMLoader (node:internal/modules/run_main:117:5)
2025-07-29 13:57:19 [ERROR]: ReferenceError: validateCreateStreet is not defined
    at file:///home/herimorn/EwuraReal/project/project/src/routes/locationRoutes.js:51:72
    at ModuleJob.run (node:internal/modules/esm/module_job:263:25)
    at ModuleLoader.import (node:internal/modules/esm/loader:540:24)
    at asyncRunEntryPointWithESMLoader (node:internal/modules/run_main:117:5)
2025-07-29 13:57:31 [ERROR]: ReferenceError: validateCreateStreet is not defined
    at file:///home/herimorn/EwuraReal/project/project/src/routes/locationRoutes.js:51:72
    at ModuleJob.run (node:internal/modules/esm/module_job:263:25)
    at ModuleLoader.import (node:internal/modules/esm/loader:540:24)
    at asyncRunEntryPointWithESMLoader (node:internal/modules/run_main:117:5)
2025-07-29 13:58:04 [ERROR]: ReferenceError: validateCreateStreet is not defined
    at file:///home/herimorn/EwuraReal/project/project/src/routes/locationRoutes.js:51:72
    at ModuleJob.run (node:internal/modules/esm/module_job:263:25)
    at ModuleLoader.import (node:internal/modules/esm/loader:540:24)
    at asyncRunEntryPointWithESMLoader (node:internal/modules/run_main:117:5)
2025-07-29 13:58:32 [ERROR]: ReferenceError: validateCreateStreet is not defined
    at file:///home/herimorn/EwuraReal/project/project/src/routes/locationRoutes.js:51:72
    at ModuleJob.run (node:internal/modules/esm/module_job:263:25)
    at ModuleLoader.import (node:internal/modules/esm/loader:540:24)
    at asyncRunEntryPointWithESMLoader (node:internal/modules/run_main:117:5)
2025-07-29 13:58:39 [ERROR]: ReferenceError: validateCreateStreet is not defined
    at file:///home/herimorn/EwuraReal/project/project/src/routes/locationRoutes.js:51:72
    at ModuleJob.run (node:internal/modules/esm/module_job:263:25)
    at ModuleLoader.import (node:internal/modules/esm/loader:540:24)
    at asyncRunEntryPointWithESMLoader (node:internal/modules/run_main:117:5)
2025-07-29 14:00:15 [ERROR]: ReferenceError: validateCreateStreet is not defined
    at file:///home/herimorn/EwuraReal/project/project/src/routes/locationRoutes.js:51:72
    at ModuleJob.run (node:internal/modules/esm/module_job:263:25)
    at ModuleLoader.import (node:internal/modules/esm/loader:540:24)
    at asyncRunEntryPointWithESMLoader (node:internal/modules/run_main:117:5)
2025-07-29 14:01:13 [ERROR]: ReferenceError: validateCreateStreet is not defined
    at file:///home/herimorn/EwuraReal/project/project/src/routes/locationRoutes.js:51:72
    at ModuleJob.run (node:internal/modules/esm/module_job:263:25)
    at ModuleLoader.import (node:internal/modules/esm/loader:540:24)
    at asyncRunEntryPointWithESMLoader (node:internal/modules/run_main:117:5)
2025-07-29 14:01:25 [ERROR]: ReferenceError: validateCreateStreet is not defined
    at file:///home/herimorn/EwuraReal/project/project/src/routes/locationRoutes.js:51:72
    at ModuleJob.run (node:internal/modules/esm/module_job:263:25)
    at ModuleLoader.import (node:internal/modules/esm/loader:540:24)
    at asyncRunEntryPointWithESMLoader (node:internal/modules/run_main:117:5)
2025-07-29 14:01:40 [ERROR]: ReferenceError: validateCreateStreet is not defined
    at file:///home/herimorn/EwuraReal/project/project/src/routes/locationRoutes.js:51:72
    at ModuleJob.run (node:internal/modules/esm/module_job:263:25)
    at ModuleLoader.import (node:internal/modules/esm/loader:540:24)
    at asyncRunEntryPointWithESMLoader (node:internal/modules/run_main:117:5)
2025-07-29 14:01:46 [ERROR]: ReferenceError: validateCreateStreet is not defined
    at file:///home/herimorn/EwuraReal/project/project/src/routes/locationRoutes.js:51:72
    at ModuleJob.run (node:internal/modules/esm/module_job:263:25)
    at ModuleLoader.import (node:internal/modules/esm/loader:540:24)
    at asyncRunEntryPointWithESMLoader (node:internal/modules/run_main:117:5)
2025-07-29 14:02:57 [ERROR]: ReferenceError: validateCreateStreet is not defined
    at file:///home/herimorn/EwuraReal/project/project/src/routes/locationRoutes.js:51:72
    at ModuleJob.run (node:internal/modules/esm/module_job:263:25)
    at ModuleLoader.import (node:internal/modules/esm/loader:540:24)
    at asyncRunEntryPointWithESMLoader (node:internal/modules/run_main:117:5)
2025-07-29 14:03:09 [ERROR]: ReferenceError: validateCreateStreet is not defined
    at file:///home/herimorn/EwuraReal/project/project/src/routes/locationRoutes.js:51:72
    at ModuleJob.run (node:internal/modules/esm/module_job:263:25)
    at ModuleLoader.import (node:internal/modules/esm/loader:540:24)
    at asyncRunEntryPointWithESMLoader (node:internal/modules/run_main:117:5)
2025-07-29 14:03:42 [ERROR]: ReferenceError: validateCreateStreet is not defined
    at file:///home/herimorn/EwuraReal/project/project/src/routes/locationRoutes.js:51:72
    at ModuleJob.run (node:internal/modules/esm/module_job:263:25)
    at ModuleLoader.import (node:internal/modules/esm/loader:540:24)
    at asyncRunEntryPointWithESMLoader (node:internal/modules/run_main:117:5)
2025-07-29 14:04:15 [ERROR]: ReferenceError: validateCreateStreet is not defined
    at file:///home/herimorn/EwuraReal/project/project/src/routes/locationRoutes.js:51:72
    at ModuleJob.run (node:internal/modules/esm/module_job:263:25)
    at ModuleLoader.import (node:internal/modules/esm/loader:540:24)
    at asyncRunEntryPointWithESMLoader (node:internal/modules/run_main:117:5)
2025-07-29 14:04:22 [ERROR]: ReferenceError: validateCreateStreet is not defined
    at file:///home/herimorn/EwuraReal/project/project/src/routes/locationRoutes.js:51:72
    at ModuleJob.run (node:internal/modules/esm/module_job:263:25)
    at ModuleLoader.import (node:internal/modules/esm/loader:540:24)
    at asyncRunEntryPointWithESMLoader (node:internal/modules/run_main:117:5)
2025-07-29 14:04:33 [ERROR]: ReferenceError: validateCreateStreet is not defined
    at file:///home/herimorn/EwuraReal/project/project/src/routes/locationRoutes.js:51:72
    at ModuleJob.run (node:internal/modules/esm/module_job:263:25)
    at ModuleLoader.import (node:internal/modules/esm/loader:540:24)
    at asyncRunEntryPointWithESMLoader (node:internal/modules/run_main:117:5)
2025-07-29 14:06:23 [ERROR]: ReferenceError: validateCreateStreet is not defined
    at file:///home/herimorn/EwuraReal/project/project/src/routes/locationRoutes.js:51:72
    at ModuleJob.run (node:internal/modules/esm/module_job:263:25)
    at ModuleLoader.import (node:internal/modules/esm/loader:540:24)
    at asyncRunEntryPointWithESMLoader (node:internal/modules/run_main:117:5)
2025-07-29 14:06:29 [ERROR]: ReferenceError: validateCreateStreet is not defined
    at file:///home/herimorn/EwuraReal/project/project/src/routes/locationRoutes.js:51:72
    at ModuleJob.run (node:internal/modules/esm/module_job:263:25)
    at ModuleLoader.import (node:internal/modules/esm/loader:540:24)
    at asyncRunEntryPointWithESMLoader (node:internal/modules/run_main:117:5)
2025-07-31 08:53:31 [ERROR]: Error: write EIO
    at afterWriteDispatched (node:internal/stream_base_commons:161:15)
    at writeGeneric (node:internal/stream_base_commons:152:3)
    at WriteStream.Socket._writeGeneric (node:net:958:11)
    at WriteStream.Socket._write (node:net:970:8)
    at writeOrBuffer (node:internal/streams/writable:572:12)
    at _write (node:internal/streams/writable:501:10)
    at WriteStream.Writable.write (node:internal/streams/writable:510:10)
    at console.value (node:internal/console/constructor:303:16)
    at console.log (node:internal/console/constructor:378:26)
    at ATGServiceClass.saveTankReading (file:///home/herimorn/EwuraReal/project/project/src/services/ATGService.js:415:17)
2025-07-31 10:34:09 [ERROR]: Error: listen EADDRINUSE: address already in use 0.0.0.0:3001
    at Server.setupListenHandle [as _listen2] (node:net:1908:16)
    at listenInCluster (node:net:1965:12)
    at doListen (node:net:2139:7)
    at processTicksAndRejections (node:internal/process/task_queues:83:21)
2025-07-31 11:12:04 [ERROR]: Error: listen EADDRINUSE: address already in use 0.0.0.0:3001
    at Server.setupListenHandle [as _listen2] (node:net:1908:16)
    at listenInCluster (node:net:1965:12)
    at doListen (node:net:2139:7)
    at processTicksAndRejections (node:internal/process/task_queues:83:21)
